<?xml version="1.0" encoding="UTF-8"?>
<testsuite xmlns:xsi="http://www.w3.org/2001/XMLSchema-instance" xsi:noNamespaceSchemaLocation="https://maven.apache.org/surefire/maven-surefire-plugin/xsd/surefire-test-report-3.0.xsd" version="3.0" name="microservice.user.reactive.login.infraestructure.driver.rest.controller.UserControllerTest" time="0.415" tests="7" errors="0" skipped="0" failures="0">
  <properties>
[...]
</properties>
  <testcase name="getByDni_Success" classname="microservice.user.reactive.login.infraestructure.driver.rest.controller.UserControllerTest" time="0.016">
    <system-out><![CDATA[2026-04-11T16:58:37.951-05:00  INFO 21984 --- [login] [           main] t.c.s.AnnotationConfigContextLoaderUtils : Could not detect default configuration classes for test class [microservice.user.reactive.login.infraestructure.driver.rest.controller.UserControllerTest]: UserControllerTest does not declare any static, non-private, non-final, nested classes annotated with @Configuration.
2026-04-11T16:58:37.963-05:00  INFO 21984 --- [login] [           main] .b.t.c.SpringBootTestContextBootstrapper : Found @SpringBootConfiguration microservice.user.reactive.login.LoginApplication for test class microservice.user.reactive.login.infraestructure.driver.rest.controller.UserControllerTest
2026-04-11T16:58:37.974-05:00  INFO 21984 --- [login] [           main] m.p.springdotenv.DotenvPropertySource    : Initialized Dotenv with DotenvConfig{directory=null, filename=null, ignoreIfMalformed=false, ignoreIfMissing=true, systemProperties=false, prefix=null}

  .   ____          _            __ _ _
 /\\ / ___'_ __ _ _(_)_ __  __ _ \ \ \ \
( ( )\___ | '_ | '_| | '_ \/ _` | \ \ \ \
 \\/  ___)| |_)| | | | | || (_| |  ) ) ) )
  '  |____| .__|_| |_|_| |_\__, | / / / /
 =========|_|==============|___/=/_/_/_/

 :: Spring Boot ::                (v3.3.5)

2026-04-11T16:58:37.987-05:00  INFO 21984 --- [login] [           main] m.u.r.l.i.d.r.c.UserControllerTest       : Starting UserControllerTest using Java 21.0.7 with PID 21984 (started by MSI in C:\Users\MSI\OneDrive\Escritorio\CAPACITACION\PANDEBON\login-db-microservice)
2026-04-11T16:58:37.988-05:00  INFO 21984 --- [login] [           main] m.u.r.l.i.d.r.c.UserControllerTest       : No active profile set, falling back to 1 default profile: "default"
2026-04-11T16:58:38.271-05:00  WARN 21984 --- [login] [           main] .s.s.UserDetailsServiceAutoConfiguration : 

Using generated security password: 40ab26f4-5025-436e-afc9-5c70ac081f9d

This generated password is for development use only. Your security configuration must be updated before running your application in production.

2026-04-11T16:58:38.272-05:00  INFO 21984 --- [login] [           main] r$InitializeUserDetailsManagerConfigurer : Global AuthenticationManager configured with UserDetailsService bean with name inMemoryUserDetailsManager
2026-04-11T16:58:38.277-05:00 DEBUG 21984 --- [login] [           main] o.s.s.web.DefaultSecurityFilterChain     : Will secure any request with filters: DisableEncodeUrlFilter, WebAsyncManagerIntegrationFilter, SecurityContextHolderFilter, HeaderWriterFilter, CsrfFilter, LogoutFilter, UsernamePasswordAuthenticationFilter, DefaultLoginPageGeneratingFilter, DefaultLogoutPageGeneratingFilter, BasicAuthenticationFilter, RequestCacheAwareFilter, SecurityContextHolderAwareRequestFilter, AnonymousAuthenticationFilter, ExceptionTranslationFilter, AuthorizationFilter
2026-04-11T16:58:38.283-05:00  INFO 21984 --- [login] [           main] o.s.b.t.m.w.SpringBootMockServletContext : Initializing Spring TestDispatcherServlet ''
2026-04-11T16:58:38.283-05:00  INFO 21984 --- [login] [           main] o.s.t.web.servlet.TestDispatcherServlet  : Initializing Servlet ''
2026-04-11T16:58:38.284-05:00  INFO 21984 --- [login] [           main] o.s.t.web.servlet.TestDispatcherServlet  : Completed initialization in 1 ms
2026-04-11T16:58:38.291-05:00  INFO 21984 --- [login] [           main] m.u.r.l.i.d.r.c.UserControllerTest       : Started UserControllerTest in 0.324 seconds (process running for 5.046)
]]></system-out>
  </testcase>
  <testcase name="update_Success" classname="microservice.user.reactive.login.infraestructure.driver.rest.controller.UserControllerTest" time="0.009"/>
  <testcase name="getById_NotFound_ShouldReturn404" classname="microservice.user.reactive.login.infraestructure.driver.rest.controller.UserControllerTest" time="0.018">
    <system-out><![CDATA[2026-04-11T16:58:38.325-05:00 ERROR 21984 --- [login] [           main] m.u.r.l.i.config.GlobalExceptionHandler  : Business error: code=ERR_USER_NOT_FOUND, message=User not found
]]></system-out>
  </testcase>
  <testcase name="getById_Success" classname="microservice.user.reactive.login.infraestructure.driver.rest.controller.UserControllerTest" time="0.003"/>
  <testcase name="getByName_Success" classname="microservice.user.reactive.login.infraestructure.driver.rest.controller.UserControllerTest" time="0.01"/>
  <testcase name="delete_Success" classname="microservice.user.reactive.login.infraestructure.driver.rest.controller.UserControllerTest" time="0.004"/>
  <testcase name="getAll_Success" classname="microservice.user.reactive.login.infraestructure.driver.rest.controller.UserControllerTest" time="0.006"/>
</testsuite>